<?xml version="1.0" encoding="UTF-8"?>
<coverage generated="1665701158047" clover="3.2.0">
  <project timestamp="1665701158047" name="All files">
    <metrics statements="18" coveredstatements="17" conditionals="6" coveredconditionals="3" methods="2" coveredmethods="2" elements="26" coveredelements="22" complexity="0" loc="18" ncloc="18" packages="3" files="3" classes="3"/>
    <package name="api.utils">
      <metrics statements="4" coveredstatements="4" conditionals="0" coveredconditionals="0" methods="1" coveredmethods="1"/>
      <file name="number-facts.ts" path="/home/wnuken/Proyectos/novatec/curso/bulletproof-nodejs/src/api/utils/number-facts.ts">
        <metrics statements="4" coveredstatements="4" conditionals="0" coveredconditionals="0" methods="1" coveredmethods="1"/>
        <line num="1" count="1" type="stmt"/>
        <line num="3" count="1" type="stmt"/>
        <line num="4" count="3" type="stmt"/>
        <line num="5" count="3" type="stmt"/>
      </file>
    </package>
    <package name="config">
      <metrics statements="6" coveredstatements="5" conditionals="6" coveredconditionals="3" methods="0" coveredmethods="0"/>
      <file name="index.ts" path="/home/wnuken/Proyectos/novatec/curso/bulletproof-nodejs/src/config/index.ts">
        <metrics statements="6" coveredstatements="5" conditionals="6" coveredconditionals="3" methods="0" coveredmethods="0"/>
        <line num="1" count="2" type="stmt"/>
        <line num="4" count="2" type="cond" truecount="1" falsecount="1"/>
        <line num="6" count="2" type="stmt"/>
        <line num="7" count="2" type="cond" truecount="1" falsecount="1"/>
        <line num="10" count="0" type="stmt"/>
        <line num="13" count="2" type="stmt"/>
      </file>
    </package>
    <package name="services">
      <metrics statements="8" coveredstatements="8" conditionals="0" coveredconditionals="0" methods="1" coveredmethods="1"/>
      <file name="random-number.services.ts" path="/home/wnuken/Proyectos/novatec/curso/bulletproof-nodejs/src/services/random-number.services.ts">
        <metrics statements="8" coveredstatements="8" conditionals="0" coveredconditionals="0" methods="1" coveredmethods="1"/>
        <line num="1" count="2" type="stmt"/>
        <line num="2" count="2" type="stmt"/>
        <line num="4" count="2" type="stmt"/>
        <line num="5" count="2" type="stmt"/>
        <line num="6" count="2" type="stmt"/>
        <line num="10" count="2" type="stmt"/>
        <line num="11" count="1" type="stmt"/>
        <line num="13" count="1" type="stmt"/>
      </file>
    </package>
  </project>
</coverage>
