{"/home/wnuken/Proyectos/novatec/curso/bulletproof-nodejs/src/api/utils/number-facts.ts": {"path":"/home/wnuken/Proyectos/novatec/curso/bulletproof-nodejs/src/api/utils/number-facts.ts","statementMap":{"0":{"start":{"line":1,"column":0},"end":{"line":1,"column":84}},"1":{"start":{"line":3,"column":13},"end":{"line":6,"column":null}},"2":{"start":{"line":4,"column":29},"end":{"line":4,"column":63}},"3":{"start":{"line":5,"column":4},"end":{"line":5,"column":28}}},"fnMap":{"0":{"name":"(anonymous_0)","decl":{"start":{"line":3,"column":35},"end":{"line":3,"column":40}},"loc":{"start":{"line":3,"column":46},"end":{"line":6,"column":1}}}},"branchMap":{},"s":{"0":1,"1":1,"2":3,"3":3},"f":{"0":3},"b":{}}
,"/home/wnuken/Proyectos/novatec/curso/bulletproof-nodejs/src/config/index.ts": {"path":"/home/wnuken/Proyectos/novatec/curso/bulletproof-nodejs/src/config/index.ts","statementMap":{"0":{"start":{"line":1,"column":0},"end":{"line":1,"column":28}},"1":{"start":{"line":4,"column":0},"end":{"line":4,"column":61}},"2":{"start":{"line":6,"column":17},"end":{"line":6,"column":32}},"3":{"start":{"line":7,"column":0},"end":{"line":11,"column":null}},"4":{"start":{"line":10,"column":2},"end":{"line":10,"column":53}},"5":{"start":{"line":13,"column":0},"end":{"line":68,"column":2}}},"fnMap":{},"branchMap":{"0":{"loc":{"start":{"line":4,"column":23},"end":{"line":4,"column":43}},"type":"binary-expr","locations":[{"start":{"line":4,"column":23},"end":{"line":4,"column":43}},{"start":{"line":4,"column":47},"end":{"line":4,"column":60}}]},"1":{"loc":{"start":{"line":7,"column":0},"end":{"line":11,"column":null}},"type":"if","locations":[{"start":{"line":7,"column":0},"end":{"line":11,"column":null}},{"start":{"line":7,"column":0},"end":{"line":11,"column":null}}]},"2":{"loc":{"start":{"line":34,"column":11},"end":{"line":34,"column":32}},"type":"binary-expr","locations":[{"start":{"line":34,"column":11},"end":{"line":34,"column":32}},{"start":{"line":34,"column":36},"end":{"line":34,"column":43}}]}},"s":{"0":2,"1":2,"2":2,"3":2,"4":0,"5":2},"f":{},"b":{"0":[2,0],"1":[0,2],"2":[2,0]}}
,"/home/wnuken/Proyectos/novatec/curso/bulletproof-nodejs/src/services/random-number.services.ts": {"path":"/home/wnuken/Proyectos/novatec/curso/bulletproof-nodejs/src/services/random-number.services.ts","statementMap":{"0":{"start":{"line":1,"column":0},"end":{"line":1,"column":31}},"1":{"start":{"line":2,"column":0},"end":{"line":2,"column":31}},"2":{"start":{"line":4,"column":13},"end":{"line":15,"column":null}},"3":{"start":{"line":5,"column":4},"end":{"line":14,"column":null}},"4":{"start":{"line":6,"column":25},"end":{"line":8,"column":10}},"5":{"start":{"line":10,"column":21},"end":{"line":10,"column":42}},"6":{"start":{"line":11,"column":8},"end":{"line":11,"column":20}},"7":{"start":{"line":13,"column":8},"end":{"line":13,"column":17}}},"fnMap":{"0":{"name":"(anonymous_1)","decl":{"start":{"line":4,"column":42},"end":{"line":4,"column":47}},"loc":{"start":{"line":4,"column":53},"end":{"line":15,"column":1}}}},"branchMap":{},"s":{"0":2,"1":2,"2":2,"3":2,"4":2,"5":2,"6":1,"7":1},"f":{"0":2},"b":{}}
}
