TN:
SF:src/api/utils/number-facts.ts
FN:3,(anonymous_0)
FNF:1
FNH:1
FNDA:3,(anonymous_0)
DA:1,1
DA:3,1
DA:4,3
DA:5,3
LF:4
LH:4
BRF:0
BRH:0
end_of_record
TN:
SF:src/config/index.ts
FNF:0
FNH:0
DA:1,2
DA:4,2
DA:6,2
DA:7,2
DA:10,0
DA:13,2
LF:6
LH:5
BRDA:4,0,0,2
BRDA:4,0,1,0
BRDA:7,1,0,0
BRDA:7,1,1,2
BRDA:34,2,0,2
BRDA:34,2,1,0
BRF:6
BRH:3
end_of_record
TN:
SF:src/services/random-number.services.ts
FN:4,(anonymous_1)
FNF:1
FNH:1
FNDA:2,(anonymous_1)
DA:1,2
DA:2,2
DA:4,2
DA:5,2
DA:6,2
DA:10,2
DA:11,1
DA:13,1
LF:8
LH:8
BRF:0
BRH:0
end_of_record
